2025.03.23 12:04:52 INFO  Started: Metals version 1.5.1 in folders 'C:\Users\maube\Desktop\Airport_project' for client Visual Studio Code 1.98.2.
Mar 23, 2025 12:05:16 PM org.eclipse.lsp4j.jsonrpc.services.GenericEndpoint notify
AVERTISSEMENT: Unsupported notification method: metals/windowStateDidChange
Mar 23, 2025 12:05:39 PM org.eclipse.lsp4j.jsonrpc.services.GenericEndpoint notify
AVERTISSEMENT: Unsupported notification method: metals/windowStateDidChange
Mar 23, 2025 12:06:09 PM org.eclipse.lsp4j.jsonrpc.services.GenericEndpoint notify
AVERTISSEMENT: Unsupported notification method: metals/windowStateDidChange
Mar 23, 2025 12:06:12 PM org.eclipse.lsp4j.jsonrpc.services.GenericEndpoint notify
AVERTISSEMENT: Unsupported notification method: metals/windowStateDidChange
2025.03.23 12:06:12 INFO  no build target found for C:\Users\maube\Desktop\Airport_project\build.sbt. Using presentation compiler with project's scala-library version: 3.3.4
2025.03.23 12:06:12 INFO  no build target found for C:\Users\maube\Desktop\Airport_project\build.sbt. Using presentation compiler with project's scala-library version: 3.3.4
2025.03.23 12:06:12 INFO  no build target found for C:\Users\maube\Desktop\Airport_project\build.sbt. Using presentation compiler with project's scala-library version: 3.3.4
2025.03.23 12:06:14 INFO  no build target found for C:\Users\maube\Desktop\Airport_project\build.sbt. Using presentation compiler with project's scala-library version: 3.3.4
2025.03.23 12:06:14 INFO  no build target found for C:\Users\maube\Desktop\Airport_project\build.sbt. Using presentation compiler with project's scala-library version: 3.3.4
Mar 23, 2025 12:06:14 PM org.eclipse.lsp4j.jsonrpc.RemoteEndpoint handleCancellation
AVERTISSEMENT: Unmatched cancel notification for request id 4
Mar 23, 2025 12:06:14 PM org.eclipse.lsp4j.jsonrpc.RemoteEndpoint handleCancellation
AVERTISSEMENT: Unmatched cancel notification for request id 6
2025.03.23 12:06:14 INFO  no build target found for C:\Users\maube\Desktop\Airport_project\build.sbt. Using presentation compiler with project's scala-library version: 3.3.4
Mar 23, 2025 12:06:15 PM org.eclipse.lsp4j.jsonrpc.RemoteEndpoint handleCancellation
AVERTISSEMENT: Unmatched cancel notification for request id 5
2025.03.23 12:06:14 INFO  no build target found for C:\Users\maube\Desktop\Airport_project\build.sbt. Using presentation compiler with project's scala-library version: 3.3.4
2025.03.23 12:06:14 INFO  no build target found for C:\Users\maube\Desktop\Airport_project\build.sbt. Using presentation compiler with project's scala-library version: 3.3.4
Mar 23, 2025 12:06:15 PM org.eclipse.lsp4j.jsonrpc.RemoteEndpoint handleCancellation
AVERTISSEMENT: Unmatched cancel notification for request id 7
Mar 23, 2025 12:06:15 PM org.eclipse.lsp4j.jsonrpc.RemoteEndpoint handleCancellation
AVERTISSEMENT: Unmatched cancel notification for request id 12
2025.03.23 12:06:15 INFO  no build target found for C:\Users\maube\Desktop\Airport_project\build.sbt. Using presentation compiler with project's scala-library version: 3.3.4
2025.03.23 12:06:14 INFO  no build target found for C:\Users\maube\Desktop\Airport_project\build.sbt. Using presentation compiler with project's scala-library version: 3.3.4
2025.03.23 12:06:14 INFO  no build target found for C:\Users\maube\Desktop\Airport_project\build.sbt. Using presentation compiler with project's scala-library version: 3.3.4
2025.03.23 12:06:14 INFO  no build target found for C:\Users\maube\Desktop\Airport_project\build.sbt. Using presentation compiler with project's scala-library version: 3.3.4
2025.03.23 12:06:15 INFO  no build target found for C:\Users\maube\Desktop\Airport_project\build.sbt. Using presentation compiler with project's scala-library version: 3.3.4
2025.03.23 12:06:17 INFO  no build target found for C:\Users\maube\Desktop\Airport_project\build.sbt. Using presentation compiler with project's scala-library version: 3.3.4
2025.03.23 12:06:17 INFO  no build target found for C:\Users\maube\Desktop\Airport_project\build.sbt. Using presentation compiler with project's scala-library version: 3.3.4
2025.03.23 12:06:17 INFO  no build target found for C:\Users\maube\Desktop\Airport_project\build.sbt. Using presentation compiler with project's scala-library version: 3.3.4
2025.03.23 12:06:18 INFO  no build target found for C:\Users\maube\Desktop\Airport_project\build.sbt. Using presentation compiler with project's scala-library version: 3.3.4
2025.03.23 12:06:18 WARN  Could not find semantic tokens for: file:///C:/Users/maube/Desktop/Airport_project/build.sbt
2025.03.23 12:06:18 INFO  time: code lens generation in 3.48s
2025.03.23 12:06:18 INFO  no build target found for C:\Users\maube\Desktop\Airport_project\build.sbt. Using presentation compiler with project's scala-library version: 3.3.4
2025.03.23 12:06:19 INFO  no build target found for C:\Users\maube\Desktop\Airport_project\build.sbt. Using presentation compiler with project's scala-library version: 3.3.4
2025.03.23 12:06:19 INFO  no build target found for C:\Users\maube\Desktop\Airport_project\build.sbt. Using presentation compiler with project's scala-library version: 3.3.4
2025.03.23 12:06:20 INFO  no build target found for C:\Users\maube\Desktop\Airport_project\build.sbt. Using presentation compiler with project's scala-library version: 3.3.4
2025.03.23 12:06:20 WARN  Could not find semantic tokens for: file:///C:/Users/maube/Desktop/Airport_project/build.sbt
2025.03.23 12:06:20 INFO  no build target found for C:\Users\maube\Desktop\Airport_project\build.sbt. Using presentation compiler with project's scala-library version: 3.3.4
2025.03.23 12:06:20 INFO  no build target found for C:\Users\maube\Desktop\Airport_project\build.sbt. Using presentation compiler with project's scala-library version: 3.3.4
2025.03.23 12:06:20 INFO  no build target found for C:\Users\maube\Desktop\Airport_project\build.sbt. Using presentation compiler with project's scala-library version: 3.3.4
2025.03.23 12:06:22 INFO  no build target found for C:\Users\maube\Desktop\Airport_project\build.sbt. Using presentation compiler with project's scala-library version: 3.3.4
2025.03.23 12:06:22 WARN  Could not find semantic tokens for: file:///C:/Users/maube/Desktop/Airport_project/build.sbt
2025.03.23 12:06:23 INFO  no build target found for C:\Users\maube\Desktop\Airport_project\build.sbt. Using presentation compiler with project's scala-library version: 3.3.4
2025.03.23 12:06:23 INFO  no build target found for C:\Users\maube\Desktop\Airport_project\build.sbt. Using presentation compiler with project's scala-library version: 3.3.4
2025.03.23 12:06:23 INFO  no build target found for C:\Users\maube\Desktop\Airport_project\build.sbt. Using presentation compiler with project's scala-library version: 3.3.4
2025.03.23 12:06:23 INFO  no build target found for C:\Users\maube\Desktop\Airport_project\build.sbt. Using presentation compiler with project's scala-library version: 3.3.4
2025.03.23 12:06:23 INFO  no build target found for C:\Users\maube\Desktop\Airport_project\build.sbt. Using presentation compiler with project's scala-library version: 3.3.4
2025.03.23 12:06:24 INFO  no build target found for C:\Users\maube\Desktop\Airport_project\build.sbt. Using presentation compiler with project's scala-library version: 3.3.4
2025.03.23 12:06:26 INFO  no build target found for C:\Users\maube\Desktop\Airport_project\build.sbt. Using presentation compiler with project's scala-library version: 3.3.4
2025.03.23 12:06:26 WARN  Could not find semantic tokens for: file:///C:/Users/maube/Desktop/Airport_project/build.sbt
2025.03.23 12:06:27 INFO  no build target found for C:\Users\maube\Desktop\Airport_project\build.sbt. Using presentation compiler with project's scala-library version: 3.3.4
2025.03.23 12:06:27 WARN  no build target for: C:\Users\maube\Desktop\Airport_project\build.sbt
2025.03.23 12:06:27 INFO  no build target found for C:\Users\maube\Desktop\Airport_project\build.sbt. Using presentation compiler with project's scala-library version: 3.3.4
2025.03.23 12:06:26 INFO  skipping build import with status 'Dismissed'
2025.03.23 12:06:27 WARN  Could not find semantic tokens for: file:///C:/Users/maube/Desktop/Airport_project/build.sbt
2025.03.23 12:06:30 INFO  no build target found for C:\Users\maube\Desktop\Airport_project\build.sbt. Using presentation compiler with project's scala-library version: 3.3.4
Mar 23, 2025 12:06:38 PM org.eclipse.lsp4j.jsonrpc.services.GenericEndpoint notify
AVERTISSEMENT: Unsupported notification method: metals/windowStateDidChange
Mar 23, 2025 12:06:47 PM org.eclipse.lsp4j.jsonrpc.services.GenericEndpoint notify
AVERTISSEMENT: Unsupported notification method: metals/windowStateDidChange
2025.03.23 12:06:52 INFO  no build target found for C:\Users\maube\Desktop\Airport_project\src\main\scala\ui\CommandLineUI.scala. Using presentation compiler with project's scala-library version: 3.3.4
2025.03.23 12:06:52 INFO  no build target found for C:\Users\maube\Desktop\Airport_project\src\main\scala\ui\CommandLineUI.scala. Using presentation compiler with project's scala-library version: 3.3.4
2025.03.23 12:06:53 INFO  no build target found for C:\Users\maube\Desktop\Airport_project\src\main\scala\ui\CommandLineUI.scala. Using presentation compiler with project's scala-library version: 3.3.4
2025.03.23 12:06:53 INFO  no build target found for C:\Users\maube\Desktop\Airport_project\src\main\scala\ui\CommandLineUI.scala. Using presentation compiler with project's scala-library version: 3.3.4
2025.03.23 12:06:53 INFO  no build target found for C:\Users\maube\Desktop\Airport_project\src\main\scala\ui\CommandLineUI.scala. Using presentation compiler with project's scala-library version: 3.3.4
Mar 23, 2025 12:06:53 PM org.eclipse.lsp4j.jsonrpc.RemoteEndpoint handleCancellation
AVERTISSEMENT: Unmatched cancel notification for request id 61
2025.03.23 12:06:53 INFO  no build target found for C:\Users\maube\Desktop\Airport_project\src\main\scala\ui\CommandLineUI.scala. Using presentation compiler with project's scala-library version: 3.3.4
2025.03.23 12:06:53 INFO  no build target found for C:\Users\maube\Desktop\Airport_project\src\main\scala\ui\CommandLineUI.scala. Using presentation compiler with project's scala-library version: 3.3.4
2025.03.23 12:06:53 INFO  no build target found for C:\Users\maube\Desktop\Airport_project\src\main\scala\ui\CommandLineUI.scala. Using presentation compiler with project's scala-library version: 3.3.4
2025.03.23 12:06:54 WARN  no build target for: C:\Users\maube\Desktop\Airport_project\src\main\scala\ui\CommandLineUI.scala
2025.03.23 12:06:54 INFO  no build target found for C:\Users\maube\Desktop\Airport_project\src\main\scala\ui\CommandLineUI.scala. Using presentation compiler with project's scala-library version: 3.3.4
2025.03.23 12:06:54 INFO  no build target found for C:\Users\maube\Desktop\Airport_project\src\main\scala\ui\CommandLineUI.scala. Using presentation compiler with project's scala-library version: 3.3.4
Mar 23, 2025 12:07:49 PM org.eclipse.lsp4j.jsonrpc.services.GenericEndpoint notify
AVERTISSEMENT: Unsupported notification method: metals/windowStateDidChange
Mar 23, 2025 12:08:24 PM org.eclipse.lsp4j.jsonrpc.services.GenericEndpoint notify
AVERTISSEMENT: Unsupported notification method: metals/windowStateDidChange
Mar 23, 2025 12:08:39 PM org.eclipse.lsp4j.jsonrpc.services.GenericEndpoint notify
AVERTISSEMENT: Unsupported notification method: metals/windowStateDidChange
Mar 23, 2025 12:08:40 PM org.eclipse.lsp4j.jsonrpc.services.GenericEndpoint notify
AVERTISSEMENT: Unsupported notification method: metals/windowStateDidChange
Mar 23, 2025 12:08:50 PM org.eclipse.lsp4j.jsonrpc.services.GenericEndpoint notify
AVERTISSEMENT: Unsupported notification method: metals/windowStateDidChange
Mar 23, 2025 12:09:34 PM org.eclipse.lsp4j.jsonrpc.services.GenericEndpoint notify
AVERTISSEMENT: Unsupported notification method: metals/windowStateDidChange
Mar 23, 2025 12:12:10 PM org.eclipse.lsp4j.jsonrpc.services.GenericEndpoint notify
AVERTISSEMENT: Unsupported notification method: metals/windowStateDidChange
Mar 23, 2025 12:12:10 PM org.eclipse.lsp4j.jsonrpc.services.GenericEndpoint notify
AVERTISSEMENT: Unsupported notification method: metals/windowStateDidChange
Mar 23, 2025 12:12:16 PM org.eclipse.lsp4j.jsonrpc.services.GenericEndpoint notify
AVERTISSEMENT: Unsupported notification method: metals/windowStateDidChange
Mar 23, 2025 12:12:17 PM org.eclipse.lsp4j.jsonrpc.services.GenericEndpoint notify
AVERTISSEMENT: Unsupported notification method: metals/windowStateDidChange
Mar 23, 2025 12:12:54 PM org.eclipse.lsp4j.jsonrpc.services.GenericEndpoint notify
AVERTISSEMENT: Unsupported notification method: metals/windowStateDidChange
Mar 23, 2025 12:13:29 PM org.eclipse.lsp4j.jsonrpc.services.GenericEndpoint notify
AVERTISSEMENT: Unsupported notification method: metals/windowStateDidChange
2025.03.23 12:13:31 INFO  no build target found for C:\Users\maube\Desktop\Airport_project\build.sbt. Using presentation compiler with project's scala-library version: 3.3.4
2025.03.23 12:13:31 INFO  no build target found for C:\Users\maube\Desktop\Airport_project\build.sbt. Using presentation compiler with project's scala-library version: 3.3.4
2025.03.23 12:13:31 INFO  no build target found for C:\Users\maube\Desktop\Airport_project\build.sbt. Using presentation compiler with project's scala-library version: 3.3.4
2025.03.23 12:13:32 INFO  no build target found for C:\Users\maube\Desktop\Airport_project\build.sbt. Using presentation compiler with project's scala-library version: 3.3.4
2025.03.23 12:13:32 WARN  Could not find semantic tokens for: file:///C:/Users/maube/Desktop/Airport_project/build.sbt
2025.03.23 12:13:33 INFO  no build target found for C:\Users\maube\Desktop\Airport_project\build.sbt. Using presentation compiler with project's scala-library version: 3.3.4
2025.03.23 12:13:33 INFO  no build target found for C:\Users\maube\Desktop\Airport_project\build.sbt. Using presentation compiler with project's scala-library version: 3.3.4
2025.03.23 12:13:33 INFO  no build target found for C:\Users\maube\Desktop\Airport_project\build.sbt. Using presentation compiler with project's scala-library version: 3.3.4
2025.03.23 12:13:33 INFO  no build target found for C:\Users\maube\Desktop\Airport_project\build.sbt. Using presentation compiler with project's scala-library version: 3.3.4
2025.03.23 12:13:34 WARN  no build target for: C:\Users\maube\Desktop\Airport_project\build.sbt
2025.03.23 12:13:34 INFO  no build target found for C:\Users\maube\Desktop\Airport_project\build.sbt. Using presentation compiler with project's scala-library version: 3.3.4
2025.03.23 12:13:34 INFO  no build target found for C:\Users\maube\Desktop\Airport_project\build.sbt. Using presentation compiler with project's scala-library version: 3.3.4
2025.03.23 12:13:34 WARN  Could not find semantic tokens for: file:///C:/Users/maube/Desktop/Airport_project/build.sbt
2025.03.23 12:13:34 INFO  no build target found for C:\Users\maube\Desktop\Airport_project\build.sbt. Using presentation compiler with project's scala-library version: 3.3.4
Mar 23, 2025 12:13:36 PM org.eclipse.lsp4j.jsonrpc.services.GenericEndpoint notify
AVERTISSEMENT: Unsupported notification method: metals/windowStateDidChange
Mar 23, 2025 12:13:39 PM org.eclipse.lsp4j.jsonrpc.services.GenericEndpoint notify
AVERTISSEMENT: Unsupported notification method: metals/windowStateDidChange
Mar 23, 2025 12:14:08 PM org.eclipse.lsp4j.jsonrpc.services.GenericEndpoint notify
AVERTISSEMENT: Unsupported notification method: metals/windowStateDidChange
Mar 23, 2025 12:14:16 PM org.eclipse.lsp4j.jsonrpc.services.GenericEndpoint notify
AVERTISSEMENT: Unsupported notification method: metals/windowStateDidChange
Mar 23, 2025 12:15:15 PM org.eclipse.lsp4j.jsonrpc.services.GenericEndpoint notify
AVERTISSEMENT: Unsupported notification method: metals/windowStateDidChange
Mar 23, 2025 12:15:50 PM org.eclipse.lsp4j.jsonrpc.services.GenericEndpoint notify
AVERTISSEMENT: Unsupported notification method: metals/windowStateDidChange
Mar 23, 2025 12:16:15 PM org.eclipse.lsp4j.jsonrpc.services.GenericEndpoint notify
AVERTISSEMENT: Unsupported notification method: metals/windowStateDidChange
Mar 23, 2025 12:16:15 PM org.eclipse.lsp4j.jsonrpc.services.GenericEndpoint notify
AVERTISSEMENT: Unsupported notification method: metals/windowStateDidChange
Mar 23, 2025 12:16:20 PM org.eclipse.lsp4j.jsonrpc.services.GenericEndpoint notify
AVERTISSEMENT: Unsupported notification method: metals/windowStateDidChange
Mar 23, 2025 12:16:22 PM org.eclipse.lsp4j.jsonrpc.services.GenericEndpoint notify
AVERTISSEMENT: Unsupported notification method: metals/windowStateDidChange
Mar 23, 2025 12:16:49 PM org.eclipse.lsp4j.jsonrpc.services.GenericEndpoint notify
AVERTISSEMENT: Unsupported notification method: metals/windowStateDidChange
Mar 23, 2025 12:17:35 PM org.eclipse.lsp4j.jsonrpc.services.GenericEndpoint notify
AVERTISSEMENT: Unsupported notification method: metals/windowStateDidChange
2025.03.23 12:17:37 INFO  no build target found for C:\Users\maube\Desktop\Airport_project\build.sbt. Using presentation compiler with project's scala-library version: 3.3.4
2025.03.23 12:17:37 INFO  no build target found for C:\Users\maube\Desktop\Airport_project\build.sbt. Using presentation compiler with project's scala-library version: 3.3.4
2025.03.23 12:17:38 INFO  no build target found for C:\Users\maube\Desktop\Airport_project\build.sbt. Using presentation compiler with project's scala-library version: 3.3.4
2025.03.23 12:17:38 WARN  Could not find semantic tokens for: file:///C:/Users/maube/Desktop/Airport_project/build.sbt
Mar 23, 2025 12:17:55 PM org.eclipse.lsp4j.jsonrpc.services.GenericEndpoint notify
AVERTISSEMENT: Unsupported notification method: metals/windowStateDidChange
Mar 23, 2025 12:17:58 PM org.eclipse.lsp4j.jsonrpc.services.GenericEndpoint notify
AVERTISSEMENT: Unsupported notification method: metals/windowStateDidChange
2025.03.23 12:18:19 INFO  no build target found for C:\Users\maube\Desktop\Airport_project\build.sbt. Using presentation compiler with project's scala-library version: 3.3.4
2025.03.23 12:18:19 INFO  no build target found for C:\Users\maube\Desktop\Airport_project\build.sbt. Using presentation compiler with project's scala-library version: 3.3.4
2025.03.23 12:18:19 INFO  no build target found for C:\Users\maube\Desktop\Airport_project\build.sbt. Using presentation compiler with project's scala-library version: 3.3.4
2025.03.23 12:18:19 WARN  Could not find semantic tokens for: file:///C:/Users/maube/Desktop/Airport_project/build.sbt
2025.03.23 12:18:37 INFO  no build target found for C:\Users\maube\Desktop\Airport_project\build.sbt. Using presentation compiler with project's scala-library version: 3.3.4
2025.03.23 12:19:01 INFO  Shutting down server
2025.03.23 12:19:01 INFO  shutting down Metals
2025.03.23 12:19:01 INFO  Exiting server
2025.03.23 12:20:04 INFO  Started: Metals version 1.5.1 in folders 'C:\Users\maube\Desktop\Airport_project' for client Visual Studio Code 1.98.2.
2025.03.23 12:20:05 INFO  no build target found for C:\Users\maube\Desktop\Airport_project\build.sbt. Using presentation compiler with project's scala-library version: 3.3.4
2025.03.23 12:20:06 INFO  no build target found for C:\Users\maube\Desktop\Airport_project\build.sbt. Using presentation compiler with project's scala-library version: 3.3.4
2025.03.23 12:20:07 INFO  no build target found for C:\Users\maube\Desktop\Airport_project\build.sbt. Using presentation compiler with project's scala-library version: 3.3.4
2025.03.23 12:20:08 INFO  no build target found for C:\Users\maube\Desktop\Airport_project\build.sbt. Using presentation compiler with project's scala-library version: 3.3.4
2025.03.23 12:20:08 INFO  no build target found for C:\Users\maube\Desktop\Airport_project\build.sbt. Using presentation compiler with project's scala-library version: 3.3.4
2025.03.23 12:20:08 INFO  no build target found for C:\Users\maube\Desktop\Airport_project\build.sbt. Using presentation compiler with project's scala-library version: 3.3.4
Mar 23, 2025 12:20:08 PM org.eclipse.lsp4j.jsonrpc.RemoteEndpoint handleCancellation
WARNING: Unmatched cancel notification for request id 10
Mar 23, 2025 12:20:08 PM org.eclipse.lsp4j.jsonrpc.RemoteEndpoint handleCancellation
WARNING: Unmatched cancel notification for request id 11
2025.03.23 12:20:09 WARN  Could not find semantic tokens for: file:///C:/Users/maube/Desktop/Airport_project/build.sbt
2025.03.23 12:20:15 INFO  running 'C:\Program Files\Java\jdk-17\bin\java.exe -Djline.terminal=jline.UnsupportedTerminal -Dsbt.log.noformat=true -Dfile.encoding=UTF-8 -jar C:\Users\maube\AppData\Local\Temp\metals10305205785947053277\sbt-launch.jar -Dbloop.export-jar-classifiers=sources bloopInstall'
2025.03.23 12:20:18 INFO  [info] welcome to sbt 1.10.11 (Oracle Corporation Java 17.0.12)
2025.03.23 12:20:20 INFO  [info] loading settings for project airport_project-build-build from metals.sbt...
2025.03.23 12:20:20 INFO  [info] loading project definition from C:\Users\maube\Desktop\Airport_project\project\project
2025.03.23 12:20:24 INFO  [info] loading settings for project airport_project-build from metals.sbt...
2025.03.23 12:20:24 INFO  [info] loading project definition from C:\Users\maube\Desktop\Airport_project\project
2025.03.23 12:20:29 INFO  [success] Generated .bloop\airport_project-build.json
2025.03.23 12:20:29 INFO  [success] Total time: 5 s, completed 23 Mar 2025, 12:20:29
2025.03.23 12:20:31 INFO  [info] loading settings for project airport_project from build.sbt...
2025.03.23 12:20:31 INFO  [info] set current project to AirportProject (in build file:/C:/Users/maube/Desktop/Airport_project/)
2025.03.23 12:20:35 INFO  [success] Generated .bloop\airport_project-test.json
2025.03.23 12:20:35 INFO  [success] Generated .bloop\airport_project.json
2025.03.23 12:20:35 INFO  [success] Total time: 4 s, completed 23 Mar 2025, 12:20:35
2025.03.23 12:20:35 INFO  time: ran 'sbt bloopInstall' in 20s
2025.03.23 12:20:36 INFO  Attempting to connect to the build server...
2025.03.23 12:20:36 INFO  No running Bloop server found, starting one.
2025.03.23 12:20:37 INFO  Starting compilation server
2025.03.23 12:20:39 INFO  tracing is disabled for protocol BSP, to enable tracing of incoming and outgoing JSON messages create an empty file at C:\Users\maube\Desktop\Airport_project\.metals\bsp.trace.json or C:\Users\maube\AppData\Local\scalameta\metals\cache\bsp.trace.json
Mar 23, 2025 12:20:44 PM org.eclipse.lsp4j.jsonrpc.services.GenericEndpoint notify
WARNING: Unsupported notification method: metals/windowStateDidChange
2025.03.23 12:20:45 INFO  Attempting to connect to the build server...
2025.03.23 12:20:45 INFO  Found a Bloop server running
2025.03.23 12:20:46 INFO  tracing is disabled for protocol BSP, to enable tracing of incoming and outgoing JSON messages create an empty file at C:\Users\maube\Desktop\Airport_project\project\.metals\bsp.trace.json or C:\Users\maube\AppData\Local\scalameta\metals\cache\bsp.trace.json
2025.03.23 12:20:50 INFO  time: Connected to build server in 14s
2025.03.23 12:20:50 INFO  Connected to Build server: Bloop v2.0.8
2025.03.23 12:20:50 INFO  time: Imported build in 0.32s
2025.03.23 12:20:50 INFO  running doctor check
2025.03.23 12:20:50 INFO  java targets: airport_project, airport_project-test, airport_project-build
2025.03.23 12:20:50 WARN  2.13.10 is no longer supported in the current Metals versions, using the last known supported version 1.3.3
Mar 23, 2025 12:20:51 PM org.eclipse.lsp4j.jsonrpc.services.GenericEndpoint notify
WARNING: Unsupported notification method: metals/windowStateDidChange
Mar 23, 2025 12:21:52 PM org.eclipse.lsp4j.jsonrpc.services.GenericEndpoint notify
WARNING: Unsupported notification method: metals/windowStateDidChange
2025.03.23 12:22:02 INFO  time: indexed workspace in 1m11s
Mar 23, 2025 12:22:05 PM org.eclipse.lsp4j.jsonrpc.services.GenericEndpoint notify
WARNING: Unsupported notification method: metals/windowStateDidChange
Mar 23, 2025 12:22:05 PM org.eclipse.lsp4j.jsonrpc.services.GenericEndpoint notify
WARNING: Unsupported notification method: metals/windowStateDidChange
Mar 23, 2025 12:22:06 PM org.eclipse.lsp4j.jsonrpc.services.GenericEndpoint notify
WARNING: Unsupported notification method: metals/windowStateDidChange
2025.03.23 12:22:12 INFO  time: code lens generation in 9.02s
2025.03.23 12:22:12 INFO  time: code lens generation in 9.02s
2025.03.23 12:22:12 INFO  time: code lens generation in 9.02s
2025.03.23 12:22:12 INFO  time: code lens generation in 9.02s
2025.03.23 12:22:12 INFO  time: code lens generation in 8.66s
2025.03.23 12:22:12 INFO  time: code lens generation in 9.02s
Mar 23, 2025 12:22:17 PM org.eclipse.lsp4j.jsonrpc.services.GenericEndpoint notify
WARNING: Unsupported notification method: metals/windowStateDidChange
Mar 23, 2025 12:23:00 PM org.eclipse.lsp4j.jsonrpc.services.GenericEndpoint notify
WARNING: Unsupported notification method: metals/windowStateDidChange
Mar 23, 2025 12:23:29 PM org.eclipse.lsp4j.jsonrpc.services.GenericEndpoint notify
WARNING: Unsupported notification method: metals/windowStateDidChange
Mar 23, 2025 12:23:30 PM org.eclipse.lsp4j.jsonrpc.services.GenericEndpoint notify
WARNING: Unsupported notification method: metals/windowStateDidChange
Mar 23, 2025 12:23:32 PM org.eclipse.lsp4j.jsonrpc.services.GenericEndpoint notify
WARNING: Unsupported notification method: metals/windowStateDidChange
Mar 23, 2025 12:23:32 PM org.eclipse.lsp4j.jsonrpc.services.GenericEndpoint notify
WARNING: Unsupported notification method: metals/windowStateDidChange
Mar 23, 2025 12:23:58 PM org.eclipse.lsp4j.jsonrpc.services.GenericEndpoint notify
WARNING: Unsupported notification method: metals/windowStateDidChange
Mar 23, 2025 12:24:42 PM org.eclipse.lsp4j.jsonrpc.services.GenericEndpoint notify
WARNING: Unsupported notification method: metals/windowStateDidChange
Mar 23, 2025 12:26:11 PM org.eclipse.lsp4j.jsonrpc.services.GenericEndpoint notify
WARNING: Unsupported notification method: metals/windowStateDidChange
Mar 23, 2025 12:26:11 PM org.eclipse.lsp4j.jsonrpc.services.GenericEndpoint notify
WARNING: Unsupported notification method: metals/windowStateDidChange
2025.03.23 12:26:14 INFO  compiling airport_project (7 scala sources)
2025.03.23 12:26:14 INFO  Non-compiled module 'compiler-bridge_2.13' for Scala 2.13.10. Compiling...
Mar 23, 2025 12:26:26 PM org.eclipse.lsp4j.jsonrpc.services.GenericEndpoint notify
WARNING: Unsupported notification method: metals/windowStateDidChange
2025.03.23 12:26:35 INFO  Compilation completed in 21.058s.
2025.03.23 12:26:43 INFO  time: compiled airport_project in 29s
2025.03.23 12:26:43 INFO  compiling airport_project (7 scala sources)
2025.03.23 12:26:47 INFO  time: compiled airport_project in 3.65s
Mar 23, 2025 12:27:00 PM org.eclipse.lsp4j.jsonrpc.services.GenericEndpoint notify
WARNING: Unsupported notification method: metals/windowStateDidChange
Mar 23, 2025 12:27:02 PM org.eclipse.lsp4j.jsonrpc.services.GenericEndpoint notify
WARNING: Unsupported notification method: metals/windowStateDidChange
Mar 23, 2025 12:27:51 PM org.eclipse.lsp4j.jsonrpc.services.GenericEndpoint notify
WARNING: Unsupported notification method: metals/windowStateDidChange
Mar 23, 2025 12:28:30 PM org.eclipse.lsp4j.jsonrpc.services.GenericEndpoint notify
WARNING: Unsupported notification method: metals/windowStateDidChange
Mar 23, 2025 12:28:30 PM org.eclipse.lsp4j.jsonrpc.services.GenericEndpoint notify
WARNING: Unsupported notification method: metals/windowStateDidChange
2025.03.23 12:28:35 INFO  compiling airport_project (7 scala sources)
2025.03.23 12:28:44 WARN  1 deprecation (since 16.0.0-R23); re-run with -deprecation for details
2025.03.23 12:28:44 INFO  time: compiled airport_project in 9.84s
Mar 23, 2025 12:29:23 PM org.eclipse.lsp4j.jsonrpc.services.GenericEndpoint notify
WARNING: Unsupported notification method: metals/windowStateDidChange
Mar 23, 2025 12:29:40 PM org.eclipse.lsp4j.jsonrpc.services.GenericEndpoint notify
WARNING: Unsupported notification method: metals/windowStateDidChange
Mar 23, 2025 12:30:27 PM org.eclipse.lsp4j.jsonrpc.services.GenericEndpoint notify
WARNING: Unsupported notification method: metals/windowStateDidChange
Mar 23, 2025 12:30:27 PM org.eclipse.lsp4j.jsonrpc.services.GenericEndpoint notify
WARNING: Unsupported notification method: metals/windowStateDidChange
Mar 23, 2025 12:30:45 PM org.eclipse.lsp4j.jsonrpc.services.GenericEndpoint notify
WARNING: Unsupported notification method: metals/windowStateDidChange
Mar 23, 2025 12:30:46 PM org.eclipse.lsp4j.jsonrpc.services.GenericEndpoint notify
WARNING: Unsupported notification method: metals/windowStateDidChange
Mar 23, 2025 12:30:46 PM org.eclipse.lsp4j.jsonrpc.services.GenericEndpoint notify
WARNING: Unsupported notification method: metals/windowStateDidChange
Mar 23, 2025 12:30:49 PM org.eclipse.lsp4j.jsonrpc.services.GenericEndpoint notify
WARNING: Unsupported notification method: metals/windowStateDidChange
Mar 23, 2025 12:30:50 PM org.eclipse.lsp4j.jsonrpc.services.GenericEndpoint notify
WARNING: Unsupported notification method: metals/windowStateDidChange
Mar 23, 2025 12:31:37 PM org.eclipse.lsp4j.jsonrpc.services.GenericEndpoint notify
WARNING: Unsupported notification method: metals/windowStateDidChange
Mar 23, 2025 12:32:29 PM org.eclipse.lsp4j.jsonrpc.services.GenericEndpoint notify
WARNING: Unsupported notification method: metals/windowStateDidChange
Mar 23, 2025 12:32:29 PM org.eclipse.lsp4j.jsonrpc.services.GenericEndpoint notify
WARNING: Unsupported notification method: metals/windowStateDidChange
Mar 23, 2025 12:32:36 PM org.eclipse.lsp4j.jsonrpc.RemoteEndpoint handleCancellation
WARNING: Unmatched cancel notification for request id 249
Mar 23, 2025 12:32:37 PM org.eclipse.lsp4j.jsonrpc.RemoteEndpoint handleCancellation
WARNING: Unmatched cancel notification for request id 264
Mar 23, 2025 12:33:33 PM org.eclipse.lsp4j.jsonrpc.services.GenericEndpoint notify
WARNING: Unsupported notification method: metals/windowStateDidChange
Mar 23, 2025 12:33:34 PM org.eclipse.lsp4j.jsonrpc.services.GenericEndpoint notify
WARNING: Unsupported notification method: metals/windowStateDidChange
2025.03.23 12:33:35 INFO  compiling airport_project (1 scala source)
2025.03.23 12:33:38 WARN  1 deprecation (since 16.0.0-R23); re-run with -deprecation for details
2025.03.23 12:33:38 INFO  time: compiled airport_project in 3.67s
Mar 23, 2025 12:34:13 PM org.eclipse.lsp4j.jsonrpc.services.GenericEndpoint notify
WARNING: Unsupported notification method: metals/windowStateDidChange
Mar 23, 2025 12:34:44 PM org.eclipse.lsp4j.jsonrpc.services.GenericEndpoint notify
WARNING: Unsupported notification method: metals/windowStateDidChange
Mar 23, 2025 12:35:09 PM org.eclipse.lsp4j.jsonrpc.services.GenericEndpoint notify
WARNING: Unsupported notification method: metals/windowStateDidChange
Mar 23, 2025 12:35:10 PM org.eclipse.lsp4j.jsonrpc.services.GenericEndpoint notify
WARNING: Unsupported notification method: metals/windowStateDidChange
Mar 23, 2025 12:37:07 PM org.eclipse.lsp4j.jsonrpc.services.GenericEndpoint notify
WARNING: Unsupported notification method: metals/windowStateDidChange
Mar 23, 2025 12:37:07 PM org.eclipse.lsp4j.jsonrpc.services.GenericEndpoint notify
WARNING: Unsupported notification method: metals/windowStateDidChange
2025.03.23 12:37:09 INFO  compiling airport_project (1 scala source)
2025.03.23 12:37:11 WARN  Could not load snapshot text for C:\Users\maube\Desktop\Airport_project\src\main\scala\ui\CommandLineUI.scala
2025.03.23 12:37:11 WARN  1 deprecation (since 16.0.0-R23); re-run with -deprecation for details
2025.03.23 12:37:11 INFO  time: compiled airport_project in 3.13s
Mar 23, 2025 12:37:12 PM org.eclipse.lsp4j.jsonrpc.RemoteEndpoint handleCancellation
WARNING: Unmatched cancel notification for request id 322
2025.03.23 12:37:13 INFO  compiling airport_project (1 scala source)
2025.03.23 12:37:15 WARN  1 deprecation (since 16.0.0-R23); re-run with -deprecation for details
2025.03.23 12:37:15 INFO  time: compiled airport_project in 2.86s
2025.03.23 12:37:16 WARN  Could not load snapshot text for C:\Users\maube\Desktop\Airport_project\src\main\scala\ui\CommandLineUI.scala
2025.03.23 12:37:18 WARN  Could not load snapshot text for C:\Users\maube\Desktop\Airport_project\src\main\scala\ui\CommandLineUI.scala
2025.03.23 12:37:18 INFO  compiling airport_project (1 scala source)
2025.03.23 12:37:20 WARN  1 deprecation (since 16.0.0-R23); re-run with -deprecation for details
2025.03.23 12:37:20 INFO  time: compiled airport_project in 2.29s
Mar 23, 2025 12:37:48 PM org.eclipse.lsp4j.jsonrpc.services.GenericEndpoint notify
WARNING: Unsupported notification method: metals/windowStateDidChange
Mar 23, 2025 12:38:17 PM org.eclipse.lsp4j.jsonrpc.services.GenericEndpoint notify
WARNING: Unsupported notification method: metals/windowStateDidChange
Mar 23, 2025 12:38:26 PM org.eclipse.lsp4j.jsonrpc.services.GenericEndpoint notify
WARNING: Unsupported notification method: metals/windowStateDidChange
Mar 23, 2025 12:38:34 PM org.eclipse.lsp4j.jsonrpc.services.GenericEndpoint notify
WARNING: Unsupported notification method: metals/windowStateDidChange
Mar 23, 2025 12:42:16 PM org.eclipse.lsp4j.jsonrpc.services.GenericEndpoint notify
WARNING: Unsupported notification method: metals/windowStateDidChange
Mar 23, 2025 12:42:16 PM org.eclipse.lsp4j.jsonrpc.services.GenericEndpoint notify
WARNING: Unsupported notification method: metals/windowStateDidChange
2025.03.23 12:42:25 INFO  compiling airport_project (1 scala source)
2025.03.23 12:42:25 INFO  time: compiled airport_project in 0.51s
Mar 23, 2025 12:42:27 PM org.eclipse.lsp4j.jsonrpc.RemoteEndpoint handleCancellation
WARNING: Unmatched cancel notification for request id 610
2025.03.23 12:42:37 INFO  compiling airport_project (1 scala source)
2025.03.23 12:42:37 INFO  time: compiled airport_project in 0.46s
2025.03.23 12:42:37 INFO  compiling airport_project (1 scala source)
2025.03.23 12:42:38 INFO  time: compiled airport_project in 0.53s
2025.03.23 12:42:52 INFO  file:///C:/Users/maube/Desktop/Airport_project/src/main/scala/ui/CommandLineUI.scala:150:5: stale bloop error: not found: value resultArea1
    resultArea1.text =
    ^^^^^^^^^^^
2025.03.23 12:42:52 INFO  file:///C:/Users/maube/Desktop/Airport_project/src/main/scala/ui/CommandLineUI.scala:155:5: stale bloop error: not found: value resultArea2
    resultArea2.text =
    ^^^^^^^^^^^
2025.03.23 12:42:52 INFO  file:///C:/Users/maube/Desktop/Airport_project/src/main/scala/ui/CommandLineUI.scala:160:5: stale bloop error: not found: value resultArea3
    resultArea3.text =
    ^^^^^^^^^^^
Mar 23, 2025 12:42:57 PM org.eclipse.lsp4j.jsonrpc.services.GenericEndpoint notify
WARNING: Unsupported notification method: metals/windowStateDidChange
Mar 23, 2025 12:42:57 PM org.eclipse.lsp4j.jsonrpc.services.GenericEndpoint notify
WARNING: Unsupported notification method: metals/windowStateDidChange
2025.03.23 12:43:01 INFO  compiling airport_project (1 scala source)
2025.03.23 12:43:01 INFO  time: compiled airport_project in 0.44s
Mar 23, 2025 12:43:05 PM org.eclipse.lsp4j.jsonrpc.services.GenericEndpoint notify
WARNING: Unsupported notification method: metals/windowStateDidChange
Mar 23, 2025 12:43:15 PM org.eclipse.lsp4j.jsonrpc.services.GenericEndpoint notify
WARNING: Unsupported notification method: metals/windowStateDidChange
Mar 23, 2025 12:43:41 PM org.eclipse.lsp4j.jsonrpc.services.GenericEndpoint notify
WARNING: Unsupported notification method: metals/windowStateDidChange
Mar 23, 2025 12:44:26 PM org.eclipse.lsp4j.jsonrpc.services.GenericEndpoint notify
WARNING: Unsupported notification method: metals/windowStateDidChange
Mar 23, 2025 12:45:51 PM org.eclipse.lsp4j.jsonrpc.services.GenericEndpoint notify
WARNING: Unsupported notification method: metals/windowStateDidChange
Mar 23, 2025 12:45:51 PM org.eclipse.lsp4j.jsonrpc.services.GenericEndpoint notify
WARNING: Unsupported notification method: metals/windowStateDidChange
2025.03.23 12:45:53 INFO  compiling airport_project (1 scala source)
2025.03.23 12:45:56 WARN  1 deprecation (since 16.0.0-R23); re-run with -deprecation for details
2025.03.23 12:45:56 INFO  time: compiled airport_project in 2.82s
Mar 23, 2025 12:46:23 PM org.eclipse.lsp4j.jsonrpc.services.GenericEndpoint notify
WARNING: Unsupported notification method: metals/windowStateDidChange
Mar 23, 2025 12:47:01 PM org.eclipse.lsp4j.jsonrpc.services.GenericEndpoint notify
WARNING: Unsupported notification method: metals/windowStateDidChange
Mar 23, 2025 12:47:08 PM org.eclipse.lsp4j.jsonrpc.services.GenericEndpoint notify
WARNING: Unsupported notification method: metals/windowStateDidChange
Mar 23, 2025 12:47:18 PM org.eclipse.lsp4j.jsonrpc.services.GenericEndpoint notify
WARNING: Unsupported notification method: metals/windowStateDidChange
Mar 23, 2025 12:48:21 PM org.eclipse.lsp4j.jsonrpc.services.GenericEndpoint notify
WARNING: Unsupported notification method: metals/windowStateDidChange
Mar 23, 2025 12:48:21 PM org.eclipse.lsp4j.jsonrpc.services.GenericEndpoint notify
WARNING: Unsupported notification method: metals/windowStateDidChange
Mar 23, 2025 12:48:23 PM org.eclipse.lsp4j.jsonrpc.services.GenericEndpoint notify
WARNING: Unsupported notification method: metals/windowStateDidChange
Mar 23, 2025 12:48:54 PM org.eclipse.lsp4j.jsonrpc.services.GenericEndpoint notify
WARNING: Unsupported notification method: metals/windowStateDidChange
Mar 23, 2025 12:49:01 PM org.eclipse.lsp4j.jsonrpc.services.GenericEndpoint notify
WARNING: Unsupported notification method: metals/windowStateDidChange
Mar 23, 2025 12:49:06 PM org.eclipse.lsp4j.jsonrpc.services.GenericEndpoint notify
WARNING: Unsupported notification method: metals/windowStateDidChange
2025.03.23 12:49:10 INFO  compiling airport_project (1 scala source)
2025.03.23 12:49:12 WARN  1 deprecation (since 16.0.0-R23); re-run with -deprecation for details
2025.03.23 12:49:12 INFO  time: compiled airport_project in 2.44s
Mar 23, 2025 12:49:15 PM org.eclipse.lsp4j.jsonrpc.services.GenericEndpoint notify
WARNING: Unsupported notification method: metals/windowStateDidChange
Mar 23, 2025 12:49:16 PM org.eclipse.lsp4j.jsonrpc.services.GenericEndpoint notify
WARNING: Unsupported notification method: metals/windowStateDidChange
2025.03.23 12:49:20 INFO  compiling airport_project (1 scala source)
2025.03.23 12:49:22 WARN  1 deprecation (since 16.0.0-R23); re-run with -deprecation for details
2025.03.23 12:49:22 INFO  time: compiled airport_project in 2.59s
2025.03.23 12:49:23 WARN  Could not load snapshot text for C:\Users\maube\Desktop\Airport_project\src\main\scala\ui\CommandLineUI.scala
2025.03.23 12:49:25 WARN  Could not load snapshot text for C:\Users\maube\Desktop\Airport_project\src\main\scala\ui\CommandLineUI.scala
2025.03.23 12:49:26 INFO  compiling airport_project (1 scala source)
2025.03.23 12:49:28 WARN  1 deprecation (since 16.0.0-R23); re-run with -deprecation for details
2025.03.23 12:49:28 INFO  time: compiled airport_project in 2.28s
Mar 23, 2025 12:49:55 PM org.eclipse.lsp4j.jsonrpc.services.GenericEndpoint notify
WARNING: Unsupported notification method: metals/windowStateDidChange
Mar 23, 2025 12:50:17 PM org.eclipse.lsp4j.jsonrpc.services.GenericEndpoint notify
WARNING: Unsupported notification method: metals/windowStateDidChange
Mar 23, 2025 12:50:26 PM org.eclipse.lsp4j.jsonrpc.RemoteEndpoint handleCancellation
WARNING: Unmatched cancel notification for request id 1013
2025.03.23 12:50:31 INFO  compiling airport_project (1 scala source)
2025.03.23 12:50:33 WARN  1 deprecation (since 16.0.0-R23); re-run with -deprecation for details
2025.03.23 12:50:33 INFO  time: compiled airport_project in 2.36s
Mar 23, 2025 12:51:03 PM org.eclipse.lsp4j.jsonrpc.services.GenericEndpoint notify
WARNING: Unsupported notification method: metals/windowStateDidChange
Mar 23, 2025 12:51:11 PM org.eclipse.lsp4j.jsonrpc.services.GenericEndpoint notify
WARNING: Unsupported notification method: metals/windowStateDidChange
2025.03.23 12:51:18 INFO  compiling airport_project (1 scala source)
2025.03.23 12:51:20 WARN  1 deprecation (since 16.0.0-R23); re-run with -deprecation for details
2025.03.23 12:51:20 INFO  time: compiled airport_project in 2.44s
Mar 23, 2025 12:51:33 PM org.eclipse.lsp4j.jsonrpc.services.GenericEndpoint notify
WARNING: Unsupported notification method: metals/windowStateDidChange
Mar 23, 2025 12:51:43 PM org.eclipse.lsp4j.jsonrpc.services.GenericEndpoint notify
WARNING: Unsupported notification method: metals/windowStateDidChange
Mar 23, 2025 12:51:51 PM org.eclipse.lsp4j.jsonrpc.services.GenericEndpoint notify
WARNING: Unsupported notification method: metals/windowStateDidChange
Mar 23, 2025 12:52:36 PM org.eclipse.lsp4j.jsonrpc.services.GenericEndpoint notify
WARNING: Unsupported notification method: metals/windowStateDidChange
Mar 23, 2025 12:52:58 PM org.eclipse.lsp4j.jsonrpc.services.GenericEndpoint notify
WARNING: Unsupported notification method: metals/windowStateDidChange
Mar 23, 2025 12:52:58 PM org.eclipse.lsp4j.jsonrpc.services.GenericEndpoint notify
WARNING: Unsupported notification method: metals/windowStateDidChange
2025.03.23 12:53:00 INFO  compiling airport_project (1 scala source)
2025.03.23 12:53:02 WARN  1 deprecation (since 16.0.0-R23); re-run with -deprecation for details
2025.03.23 12:53:02 INFO  time: compiled airport_project in 2.64s
Mar 23, 2025 12:53:08 PM org.eclipse.lsp4j.jsonrpc.services.GenericEndpoint notify
WARNING: Unsupported notification method: metals/windowStateDidChange
Mar 23, 2025 12:53:11 PM org.eclipse.lsp4j.jsonrpc.services.GenericEndpoint notify
WARNING: Unsupported notification method: metals/windowStateDidChange
2025.03.23 12:53:12 INFO  compiling airport_project (1 scala source)
2025.03.23 12:53:14 WARN  1 deprecation (since 16.0.0-R23); re-run with -deprecation for details
2025.03.23 12:53:14 INFO  time: compiled airport_project in 2.18s
Mar 23, 2025 12:53:42 PM org.eclipse.lsp4j.jsonrpc.services.GenericEndpoint notify
WARNING: Unsupported notification method: metals/windowStateDidChange
Mar 23, 2025 12:53:45 PM org.eclipse.lsp4j.jsonrpc.services.GenericEndpoint notify
WARNING: Unsupported notification method: metals/windowStateDidChange
2025.03.23 12:53:51 INFO  compiling airport_project (1 scala source)
2025.03.23 12:53:53 WARN  1 deprecation (since 16.0.0-R23); re-run with -deprecation for details
2025.03.23 12:53:53 INFO  time: compiled airport_project in 2.2s
Mar 23, 2025 12:54:08 PM org.eclipse.lsp4j.jsonrpc.services.GenericEndpoint notify
WARNING: Unsupported notification method: metals/windowStateDidChange
Mar 23, 2025 12:54:38 PM org.eclipse.lsp4j.jsonrpc.services.GenericEndpoint notify
WARNING: Unsupported notification method: metals/windowStateDidChange
Mar 23, 2025 12:55:05 PM org.eclipse.lsp4j.jsonrpc.services.GenericEndpoint notify
WARNING: Unsupported notification method: metals/windowStateDidChange
Mar 23, 2025 12:55:05 PM org.eclipse.lsp4j.jsonrpc.services.GenericEndpoint notify
WARNING: Unsupported notification method: metals/windowStateDidChange
Mar 23, 2025 12:55:09 PM org.eclipse.lsp4j.jsonrpc.RemoteEndpoint handleCancellation
WARNING: Unmatched cancel notification for request id 1363
Mar 23, 2025 12:55:09 PM org.eclipse.lsp4j.jsonrpc.RemoteEndpoint handleCancellation
WARNING: Unmatched cancel notification for request id 1369
2025.03.23 12:55:10 INFO  compiling airport_project (1 scala source)
2025.03.23 12:55:12 WARN  1 deprecation (since 16.0.0-R23); re-run with -deprecation for details
2025.03.23 12:55:12 INFO  time: compiled airport_project in 2.18s
2025.03.23 12:55:19 INFO  compiling airport_project (1 scala source)
2025.03.23 12:55:21 WARN  1 deprecation (since 16.0.0-R23); re-run with -deprecation for details
2025.03.23 12:55:21 INFO  time: compiled airport_project in 2.75s
Mar 23, 2025 12:55:44 PM org.eclipse.lsp4j.jsonrpc.services.GenericEndpoint notify
WARNING: Unsupported notification method: metals/windowStateDidChange
Mar 23, 2025 12:56:08 PM org.eclipse.lsp4j.jsonrpc.services.GenericEndpoint notify
WARNING: Unsupported notification method: metals/windowStateDidChange
2025.03.23 12:56:12 INFO  compiling airport_project (1 scala source)
2025.03.23 12:56:14 WARN  1 deprecation (since 16.0.0-R23); re-run with -deprecation for details
2025.03.23 12:56:14 INFO  time: compiled airport_project in 2.3s
Mar 23, 2025 12:56:43 PM org.eclipse.lsp4j.jsonrpc.services.GenericEndpoint notify
WARNING: Unsupported notification method: metals/windowStateDidChange
Mar 23, 2025 12:57:13 PM org.eclipse.lsp4j.jsonrpc.services.GenericEndpoint notify
WARNING: Unsupported notification method: metals/windowStateDidChange
2025.03.23 12:57:19 INFO  compiling airport_project (1 scala source)
2025.03.23 12:57:21 WARN  1 deprecation (since 16.0.0-R23); re-run with -deprecation for details
2025.03.23 12:57:21 INFO  time: compiled airport_project in 2.2s
Mar 23, 2025 12:57:21 PM org.eclipse.lsp4j.jsonrpc.services.GenericEndpoint notify
WARNING: Unsupported notification method: metals/windowStateDidChange
Mar 23, 2025 12:57:23 PM org.eclipse.lsp4j.jsonrpc.services.GenericEndpoint notify
WARNING: Unsupported notification method: metals/windowStateDidChange
2025.03.23 12:57:59 INFO  compiling airport_project (1 scala source)
2025.03.23 12:58:01 WARN  1 deprecation (since 16.0.0-R23); re-run with -deprecation for details
2025.03.23 12:58:01 INFO  time: compiled airport_project in 2.21s
2025.03.23 12:58:05 INFO  compiling airport_project (1 scala source)
2025.03.23 12:58:07 WARN  1 deprecation (since 16.0.0-R23); re-run with -deprecation for details
2025.03.23 12:58:07 INFO  time: compiled airport_project in 1.88s
Mar 23, 2025 12:58:48 PM org.eclipse.lsp4j.jsonrpc.services.GenericEndpoint notify
WARNING: Unsupported notification method: metals/windowStateDidChange
Mar 23, 2025 12:59:23 PM org.eclipse.lsp4j.jsonrpc.services.GenericEndpoint notify
WARNING: Unsupported notification method: metals/windowStateDidChange
Mar 23, 2025 12:59:44 PM org.eclipse.lsp4j.jsonrpc.services.GenericEndpoint notify
WARNING: Unsupported notification method: metals/windowStateDidChange
Mar 23, 2025 12:59:52 PM org.eclipse.lsp4j.jsonrpc.services.GenericEndpoint notify
WARNING: Unsupported notification method: metals/windowStateDidChange
2025.03.23 13:00:10 INFO  compiling airport_project (1 scala source)
2025.03.23 13:00:12 WARN  1 deprecation (since 16.0.0-R23); re-run with -deprecation for details
2025.03.23 13:00:12 INFO  time: compiled airport_project in 2.22s
2025.03.23 13:00:24 INFO  compiling airport_project (1 scala source)
2025.03.23 13:00:26 WARN  1 deprecation (since 16.0.0-R23); re-run with -deprecation for details
2025.03.23 13:00:26 INFO  time: compiled airport_project in 1.97s
Mar 23, 2025 1:00:32 PM org.eclipse.lsp4j.jsonrpc.RemoteEndpoint handleCancellation
WARNING: Unmatched cancel notification for request id 1957
2025.03.23 13:00:33 INFO  compiling airport_project (1 scala source)
2025.03.23 13:00:35 WARN  1 deprecation (since 16.0.0-R23); re-run with -deprecation for details
2025.03.23 13:00:35 INFO  time: compiled airport_project in 2.07s
Mar 23, 2025 1:01:27 PM scala.meta.internal.metals.StdReporter $anonfun$create$1
SEVERE: empty definition using pc, found symbol in pc:  (full report at: C:\Users\maube\Desktop\Airport_project\.metals\.reports\metals-full\2025-03-23\r_empty-definition_(airport_project)_13-01-27-100.md)
Mar 23, 2025 1:01:27 PM scala.meta.internal.metals.StdReporter $anonfun$create$1
SEVERE: empty definition using pc, found symbol in pc:  (full report at: C:\Users\maube\Desktop\Airport_project\.metals\.reports\metals-full\2025-03-23\r_empty-definition_(airport_project)_13-01-27-100.md)
Mar 23, 2025 1:01:36 PM org.eclipse.lsp4j.jsonrpc.services.GenericEndpoint notify
WARNING: Unsupported notification method: metals/windowStateDidChange
Mar 23, 2025 1:01:45 PM org.eclipse.lsp4j.jsonrpc.services.GenericEndpoint notify
WARNING: Unsupported notification method: metals/windowStateDidChange
Mar 23, 2025 1:01:46 PM scala.meta.internal.metals.StdReporter $anonfun$create$1
SEVERE: empty definition using pc, found symbol in pc:  (full report at: C:\Users\maube\Desktop\Airport_project\.metals\.reports\metals-full\2025-03-23\r_empty-definition_(airport_project)_13-01-46-770.md)
2025.03.23 13:01:54 INFO  compiling airport_project (1 scala source)
2025.03.23 13:01:56 WARN  1 deprecation (since 16.0.0-R23); re-run with -deprecation for details
2025.03.23 13:01:56 INFO  time: compiled airport_project in 2.24s
Mar 23, 2025 1:02:28 PM org.eclipse.lsp4j.jsonrpc.services.GenericEndpoint notify
WARNING: Unsupported notification method: metals/windowStateDidChange
Mar 23, 2025 1:02:55 PM org.eclipse.lsp4j.jsonrpc.services.GenericEndpoint notify
WARNING: Unsupported notification method: metals/windowStateDidChange
Mar 23, 2025 1:02:58 PM org.eclipse.lsp4j.jsonrpc.RemoteEndpoint handleCancellation
WARNING: Unmatched cancel notification for request id 2434
Mar 23, 2025 1:02:59 PM org.eclipse.lsp4j.jsonrpc.RemoteEndpoint handleCancellation
WARNING: Unmatched cancel notification for request id 2445
Mar 23, 2025 1:03:02 PM org.eclipse.lsp4j.jsonrpc.RemoteEndpoint handleCancellation
WARNING: Unmatched cancel notification for request id 2474
Mar 23, 2025 1:03:06 PM org.eclipse.lsp4j.jsonrpc.RemoteEndpoint handleCancellation
WARNING: Unmatched cancel notification for request id 2510
Mar 23, 2025 1:03:07 PM scala.meta.internal.metals.StdReporter $anonfun$create$1
SEVERE: empty definition using pc, found symbol in pc:  (full report at: C:\Users\maube\Desktop\Airport_project\.metals\.reports\metals-full\2025-03-23\r_empty-definition_(airport_project)_13-03-07-382.md)
Mar 23, 2025 1:03:14 PM scala.meta.internal.metals.StdReporter $anonfun$create$1
SEVERE: empty definition using pc, found symbol in pc:  (full report at: C:\Users\maube\Desktop\Airport_project\.metals\.reports\metals-full\2025-03-23\r_empty-definition_(airport_project)_13-03-07-382.md)
2025.03.23 13:03:17 INFO  compiling airport_project (1 scala source)
2025.03.23 13:03:19 WARN  1 deprecation (since 16.0.0-R23); re-run with -deprecation for details
2025.03.23 13:03:19 INFO  time: compiled airport_project in 2.21s
Mar 23, 2025 1:03:21 PM org.eclipse.lsp4j.jsonrpc.services.GenericEndpoint notify
WARNING: Unsupported notification method: metals/windowStateDidChange
Mar 23, 2025 1:04:07 PM org.eclipse.lsp4j.jsonrpc.services.GenericEndpoint notify
WARNING: Unsupported notification method: metals/windowStateDidChange
Mar 23, 2025 1:05:15 PM org.eclipse.lsp4j.jsonrpc.services.GenericEndpoint notify
WARNING: Unsupported notification method: metals/windowStateDidChange
Mar 23, 2025 1:05:15 PM org.eclipse.lsp4j.jsonrpc.services.GenericEndpoint notify
WARNING: Unsupported notification method: metals/windowStateDidChange
2025.03.23 13:05:27 INFO  compiling airport_project (1 scala source)
2025.03.23 13:05:29 WARN  1 deprecation (since 16.0.0-R23); re-run with -deprecation for details
2025.03.23 13:05:29 INFO  time: compiled airport_project in 2.15s
Mar 23, 2025 1:05:31 PM org.eclipse.lsp4j.jsonrpc.services.GenericEndpoint notify
WARNING: Unsupported notification method: metals/windowStateDidChange
Mar 23, 2025 1:05:45 PM org.eclipse.lsp4j.jsonrpc.services.GenericEndpoint notify
WARNING: Unsupported notification method: metals/windowStateDidChange
2025.03.23 13:06:00 INFO  compiling airport_project (1 scala source)
2025.03.23 13:06:02 WARN  1 deprecation (since 16.0.0-R23); re-run with -deprecation for details
2025.03.23 13:06:02 INFO  time: compiled airport_project in 1.96s
Mar 23, 2025 1:06:07 PM org.eclipse.lsp4j.jsonrpc.services.GenericEndpoint notify
WARNING: Unsupported notification method: metals/windowStateDidChange
Mar 23, 2025 1:06:09 PM org.eclipse.lsp4j.jsonrpc.services.GenericEndpoint notify
WARNING: Unsupported notification method: metals/windowStateDidChange
Mar 23, 2025 1:06:38 PM org.eclipse.lsp4j.jsonrpc.services.GenericEndpoint notify
WARNING: Unsupported notification method: metals/windowStateDidChange
Mar 23, 2025 1:06:55 PM org.eclipse.lsp4j.jsonrpc.services.GenericEndpoint notify
WARNING: Unsupported notification method: metals/windowStateDidChange
Mar 23, 2025 1:07:01 PM org.eclipse.lsp4j.jsonrpc.services.GenericEndpoint notify
WARNING: Unsupported notification method: metals/windowStateDidChange
Mar 23, 2025 1:07:10 PM org.eclipse.lsp4j.jsonrpc.services.GenericEndpoint notify
WARNING: Unsupported notification method: metals/windowStateDidChange
Mar 23, 2025 1:07:12 PM scala.meta.internal.metals.StdReporter $anonfun$create$1
SEVERE: empty definition using pc, found symbol in pc:  (full report at: C:\Users\maube\Desktop\Airport_project\.metals\.reports\metals-full\2025-03-23\r_empty-definition_(airport_project)_13-03-07-382.md)
Mar 23, 2025 1:07:17 PM scala.meta.internal.metals.StdReporter $anonfun$create$1
SEVERE: empty definition using pc, found symbol in pc:  (full report at: C:\Users\maube\Desktop\Airport_project\.metals\.reports\metals-full\2025-03-23\r_empty-definition_(airport_project)_13-07-17-864.md)
Mar 23, 2025 1:07:19 PM org.eclipse.lsp4j.jsonrpc.RemoteEndpoint handleCancellation
WARNING: Unmatched cancel notification for request id 2863
Mar 23, 2025 1:07:31 PM scala.meta.internal.metals.StdReporter $anonfun$create$1
SEVERE: empty definition using pc, found symbol in pc:  (full report at: C:\Users\maube\Desktop\Airport_project\.metals\.reports\metals-full\2025-03-23\r_empty-definition_(airport_project)_13-03-07-382.md)
2025.03.23 13:07:33 INFO  compiling airport_project (1 scala source)
2025.03.23 13:07:35 WARN  1 deprecation (since 16.0.0-R23); re-run with -deprecation for details
2025.03.23 13:07:35 INFO  time: compiled airport_project in 2.1s
Mar 23, 2025 1:08:03 PM org.eclipse.lsp4j.jsonrpc.services.GenericEndpoint notify
WARNING: Unsupported notification method: metals/windowStateDidChange
Mar 23, 2025 1:08:20 PM org.eclipse.lsp4j.jsonrpc.services.GenericEndpoint notify
WARNING: Unsupported notification method: metals/windowStateDidChange
Mar 23, 2025 1:09:12 PM org.eclipse.lsp4j.jsonrpc.services.GenericEndpoint notify
WARNING: Unsupported notification method: metals/windowStateDidChange
Mar 23, 2025 1:09:12 PM org.eclipse.lsp4j.jsonrpc.services.GenericEndpoint notify
WARNING: Unsupported notification method: metals/windowStateDidChange
Mar 23, 2025 1:09:16 PM org.eclipse.lsp4j.jsonrpc.services.GenericEndpoint notify
WARNING: Unsupported notification method: metals/windowStateDidChange
Mar 23, 2025 1:10:04 PM org.eclipse.lsp4j.jsonrpc.services.GenericEndpoint notify
WARNING: Unsupported notification method: metals/windowStateDidChange
Mar 23, 2025 1:10:25 PM org.eclipse.lsp4j.jsonrpc.services.GenericEndpoint notify
WARNING: Unsupported notification method: metals/windowStateDidChange
Mar 23, 2025 1:10:30 PM org.eclipse.lsp4j.jsonrpc.services.GenericEndpoint notify
WARNING: Unsupported notification method: metals/windowStateDidChange
2025.03.23 13:10:32 INFO  compiling airport_project (1 scala source)
2025.03.23 13:10:34 WARN  1 deprecation (since 16.0.0-R23); re-run with -deprecation for details
2025.03.23 13:10:34 INFO  time: compiled airport_project in 2.54s
Mar 23, 2025 1:10:37 PM org.eclipse.lsp4j.jsonrpc.services.GenericEndpoint notify
WARNING: Unsupported notification method: metals/windowStateDidChange
Mar 23, 2025 1:11:22 PM org.eclipse.lsp4j.jsonrpc.services.GenericEndpoint notify
WARNING: Unsupported notification method: metals/windowStateDidChange
Mar 23, 2025 1:11:45 PM org.eclipse.lsp4j.jsonrpc.services.GenericEndpoint notify
WARNING: Unsupported notification method: metals/windowStateDidChange
Mar 23, 2025 1:11:45 PM org.eclipse.lsp4j.jsonrpc.services.GenericEndpoint notify
WARNING: Unsupported notification method: metals/windowStateDidChange
Mar 23, 2025 1:12:20 PM org.eclipse.lsp4j.jsonrpc.RemoteEndpoint handleCancellation
WARNING: Unmatched cancel notification for request id 3370
Mar 23, 2025 1:12:25 PM org.eclipse.lsp4j.jsonrpc.RemoteEndpoint handleCancellation
WARNING: Unmatched cancel notification for request id 3407
Mar 23, 2025 1:12:43 PM org.eclipse.lsp4j.jsonrpc.RemoteEndpoint handleCancellation
WARNING: Unmatched cancel notification for request id 3500
Mar 23, 2025 1:12:45 PM org.eclipse.lsp4j.jsonrpc.RemoteEndpoint handleCancellation
WARNING: Unmatched cancel notification for request id 3524
2025.03.23 13:12:49 INFO  compiling airport_project (1 scala source)
2025.03.23 13:12:51 WARN  1 deprecation (since 16.0.0-R23); re-run with -deprecation for details
2025.03.23 13:12:51 INFO  time: compiled airport_project in 2.13s
2025.03.23 13:13:53 INFO  compiling airport_project (1 scala source)
2025.03.23 13:13:55 WARN  1 deprecation (since 16.0.0-R23); re-run with -deprecation for details
2025.03.23 13:13:55 INFO  time: compiled airport_project in 2.61s
Mar 23, 2025 1:14:02 PM scala.meta.internal.metals.StdReporter $anonfun$create$1
SEVERE: empty definition using pc, found symbol in pc:  (full report at: C:\Users\maube\Desktop\Airport_project\.metals\.reports\metals-full\2025-03-23\r_empty-definition_(airport_project)_13-03-07-382.md)
Mar 23, 2025 1:14:04 PM org.eclipse.lsp4j.jsonrpc.services.GenericEndpoint notify
WARNING: Unsupported notification method: metals/windowStateDidChange
Mar 23, 2025 1:14:16 PM org.eclipse.lsp4j.jsonrpc.services.GenericEndpoint notify
WARNING: Unsupported notification method: metals/windowStateDidChange
Mar 23, 2025 1:14:41 PM org.eclipse.lsp4j.jsonrpc.services.GenericEndpoint notify
WARNING: Unsupported notification method: metals/windowStateDidChange
Mar 23, 2025 1:14:44 PM org.eclipse.lsp4j.jsonrpc.services.GenericEndpoint notify
WARNING: Unsupported notification method: metals/windowStateDidChange
2025.03.23 13:14:47 INFO  compiling airport_project (1 scala source)
2025.03.23 13:14:48 INFO  time: compiled airport_project in 1.62s
Mar 23, 2025 1:14:50 PM org.eclipse.lsp4j.jsonrpc.services.GenericEndpoint notify
WARNING: Unsupported notification method: metals/windowStateDidChange
Mar 23, 2025 1:15:02 PM org.eclipse.lsp4j.jsonrpc.services.GenericEndpoint notify
WARNING: Unsupported notification method: metals/windowStateDidChange
Mar 23, 2025 1:15:24 PM org.eclipse.lsp4j.jsonrpc.RemoteEndpoint handleCancellation
WARNING: Unmatched cancel notification for request id 3924
Mar 23, 2025 1:15:27 PM org.eclipse.lsp4j.jsonrpc.RemoteEndpoint handleCancellation
WARNING: Unmatched cancel notification for request id 3970
Mar 23, 2025 1:15:31 PM org.eclipse.lsp4j.jsonrpc.RemoteEndpoint handleCancellation
WARNING: Unmatched cancel notification for request id 4031
Mar 23, 2025 1:15:36 PM org.eclipse.lsp4j.jsonrpc.services.GenericEndpoint notify
WARNING: Unsupported notification method: metals/windowStateDidChange
Mar 23, 2025 1:15:38 PM org.eclipse.lsp4j.jsonrpc.services.GenericEndpoint notify
WARNING: Unsupported notification method: metals/windowStateDidChange
2025.03.23 13:15:38 INFO  compiling airport_project (1 scala source)
Mar 23, 2025 1:15:40 PM org.eclipse.lsp4j.jsonrpc.services.GenericEndpoint notify
WARNING: Unsupported notification method: metals/windowStateDidChange
2025.03.23 13:15:40 WARN  1 deprecation (since 16.0.0-R23); re-run with -deprecation for details
2025.03.23 13:15:40 INFO  time: compiled airport_project in 2.21s
Mar 23, 2025 1:16:25 PM org.eclipse.lsp4j.jsonrpc.services.GenericEndpoint notify
WARNING: Unsupported notification method: metals/windowStateDidChange
Mar 23, 2025 1:17:28 PM org.eclipse.lsp4j.jsonrpc.services.GenericEndpoint notify
WARNING: Unsupported notification method: metals/windowStateDidChange
Mar 23, 2025 1:17:28 PM org.eclipse.lsp4j.jsonrpc.services.GenericEndpoint notify
WARNING: Unsupported notification method: metals/windowStateDidChange
2025.03.23 13:17:32 INFO  compiling airport_project (1 scala source)
2025.03.23 13:17:34 WARN  1 deprecation (since 16.0.0-R23); re-run with -deprecation for details
2025.03.23 13:17:34 INFO  time: compiled airport_project in 2.3s
Mar 23, 2025 1:18:10 PM org.eclipse.lsp4j.jsonrpc.services.GenericEndpoint notify
WARNING: Unsupported notification method: metals/windowStateDidChange
Mar 23, 2025 1:18:38 PM org.eclipse.lsp4j.jsonrpc.services.GenericEndpoint notify
WARNING: Unsupported notification method: metals/windowStateDidChange
Mar 23, 2025 1:19:20 PM org.eclipse.lsp4j.jsonrpc.services.GenericEndpoint notify
WARNING: Unsupported notification method: metals/windowStateDidChange
Mar 23, 2025 1:19:20 PM org.eclipse.lsp4j.jsonrpc.services.GenericEndpoint notify
WARNING: Unsupported notification method: metals/windowStateDidChange
2025.03.23 13:19:22 INFO  compiling airport_project (1 scala source)
Mar 23, 2025 1:19:23 PM org.eclipse.lsp4j.jsonrpc.services.GenericEndpoint notify
WARNING: Unsupported notification method: metals/windowStateDidChange
2025.03.23 13:19:24 WARN  1 deprecation (since 16.0.0-R23); re-run with -deprecation for details
2025.03.23 13:19:24 INFO  time: compiled airport_project in 2.53s
Mar 23, 2025 1:19:25 PM org.eclipse.lsp4j.jsonrpc.services.GenericEndpoint notify
WARNING: Unsupported notification method: metals/windowStateDidChange
Mar 23, 2025 1:19:57 PM org.eclipse.lsp4j.jsonrpc.services.GenericEndpoint notify
WARNING: Unsupported notification method: metals/windowStateDidChange
Mar 23, 2025 1:20:01 PM org.eclipse.lsp4j.jsonrpc.services.GenericEndpoint notify
WARNING: Unsupported notification method: metals/windowStateDidChange
2025.03.23 13:20:11 INFO  compiling airport_project (1 scala source)
2025.03.23 13:20:13 WARN  1 deprecation (since 16.0.0-R23); re-run with -deprecation for details
2025.03.23 13:20:13 INFO  time: compiled airport_project in 2.06s
Mar 23, 2025 1:20:33 PM org.eclipse.lsp4j.jsonrpc.services.GenericEndpoint notify
WARNING: Unsupported notification method: metals/windowStateDidChange
Mar 23, 2025 1:20:34 PM org.eclipse.lsp4j.jsonrpc.services.GenericEndpoint notify
WARNING: Unsupported notification method: metals/windowStateDidChange
Mar 23, 2025 1:20:35 PM org.eclipse.lsp4j.jsonrpc.services.GenericEndpoint notify
WARNING: Unsupported notification method: metals/windowStateDidChange
Mar 23, 2025 1:20:41 PM org.eclipse.lsp4j.jsonrpc.services.GenericEndpoint notify
WARNING: Unsupported notification method: metals/windowStateDidChange
Mar 23, 2025 1:21:06 PM org.eclipse.lsp4j.jsonrpc.services.GenericEndpoint notify
WARNING: Unsupported notification method: metals/windowStateDidChange
Mar 23, 2025 1:21:30 PM org.eclipse.lsp4j.jsonrpc.services.GenericEndpoint notify
WARNING: Unsupported notification method: metals/windowStateDidChange
Mar 23, 2025 1:21:54 PM org.eclipse.lsp4j.jsonrpc.services.GenericEndpoint notify
WARNING: Unsupported notification method: metals/windowStateDidChange
Mar 23, 2025 1:21:54 PM org.eclipse.lsp4j.jsonrpc.services.GenericEndpoint notify
WARNING: Unsupported notification method: metals/windowStateDidChange
2025.03.23 13:21:55 INFO  Shutting down server
2025.03.23 13:21:55 INFO  shutting down Metals
2025.03.23 13:21:55 INFO  Shut down connection with build server.
2025.03.23 13:21:55 INFO  Shut down connection with build server.
2025.03.23 13:21:55 INFO  Exiting server
2025.03.23 14:06:09 INFO  Started: Metals version 1.5.1 in folders 'C:\Users\maube\Desktop\Airport_project' for client Visual Studio Code 1.98.2.
2025.03.23 14:06:12 INFO  no build target found for C:\Users\maube\Desktop\Airport_project\src\main\scala\ui\CommandLineUI.scala. Using presentation compiler with project's scala-library version: 3.3.4
2025.03.23 14:06:13 INFO  Attempting to connect to the build server...
2025.03.23 14:06:13 INFO  Found a Bloop server running
2025.03.23 14:06:14 INFO  tracing is disabled for protocol BSP, to enable tracing of incoming and outgoing JSON messages create an empty file at C:\Users\maube\Desktop\Airport_project\.metals\bsp.trace.json or C:\Users\maube\AppData\Local\scalameta\metals\cache\bsp.trace.json
2025.03.23 14:06:14 INFO  Attempting to connect to the build server...
2025.03.23 14:06:14 INFO  Found a Bloop server running
2025.03.23 14:06:15 INFO  no build target found for C:\Users\maube\Desktop\Airport_project\src\main\scala\ui\CommandLineUI.scala. Using presentation compiler with project's scala-library version: 3.3.4
2025.03.23 14:06:16 INFO  no build target found for C:\Users\maube\Desktop\Airport_project\src\main\scala\ui\CommandLineUI.scala. Using presentation compiler with project's scala-library version: 3.3.4
2025.03.23 14:06:16 INFO  no build target found for C:\Users\maube\Desktop\Airport_project\src\main\scala\ui\CommandLineUI.scala. Using presentation compiler with project's scala-library version: 3.3.4
2025.03.23 14:06:16 INFO  tracing is disabled for protocol BSP, to enable tracing of incoming and outgoing JSON messages create an empty file at C:\Users\maube\Desktop\Airport_project\project\.metals\bsp.trace.json or C:\Users\maube\AppData\Local\scalameta\metals\cache\bsp.trace.json
2025.03.23 14:06:16 INFO  no build target found for C:\Users\maube\Desktop\Airport_project\src\main\scala\ui\CommandLineUI.scala. Using presentation compiler with project's scala-library version: 3.3.4
2025.03.23 14:06:16 INFO  time: Connected to build server in 3.62s
2025.03.23 14:06:16 INFO  Connected to Build server: Bloop v2.0.8
Mar 23, 2025 2:06:17 PM org.eclipse.lsp4j.jsonrpc.RemoteEndpoint handleCancellation
WARNING: Unmatched cancel notification for request id 8
Mar 23, 2025 2:06:17 PM org.eclipse.lsp4j.jsonrpc.RemoteEndpoint handleCancellation
WARNING: Unmatched cancel notification for request id 9
2025.03.23 14:06:17 INFO  time: Imported build in 0.45s
2025.03.23 14:06:17 INFO  running doctor check
2025.03.23 14:06:17 INFO  java targets: airport_project, airport_project-test, airport_project-build
2025.03.23 14:06:17 WARN  2.13.10 is no longer supported in the current Metals versions, using the last known supported version 1.3.3
Mar 23, 2025 2:06:19 PM org.eclipse.lsp4j.jsonrpc.services.GenericEndpoint notify
WARNING: Unsupported notification method: metals/windowStateDidChange
Mar 23, 2025 2:06:24 PM org.eclipse.lsp4j.jsonrpc.services.GenericEndpoint notify
WARNING: Unsupported notification method: metals/windowStateDidChange
Mar 23, 2025 2:06:24 PM org.eclipse.lsp4j.jsonrpc.services.GenericEndpoint notify
WARNING: Unsupported notification method: metals/windowStateDidChange
Mar 23, 2025 2:06:26 PM org.eclipse.lsp4j.jsonrpc.services.GenericEndpoint notify
WARNING: Unsupported notification method: metals/windowStateDidChange
2025.03.23 14:06:32 INFO  time: indexed workspace in 15s
2025.03.23 14:06:32 INFO  compiling airport_project-test (1 scala source)
2025.03.23 14:06:32 INFO  time: compiled airport_project-test in 0.75s
